<?xml version="1.0" encoding="UTF-8"?>
<!-- Generated by org.testng.reporters.JUnitXMLReporter -->
<testsuite ignored="0" hostname="LAPTOP-6PLMN6V4" failures="0" tests="25" name="Default test" time="332.248" errors="0" timestamp="2026-02-02T18:07:29 IST">
  <testcase classname="tests.DashBoard_Test" name="verifyDashBoardLink" time="0.029"/>
  <testcase classname="tests.DashBoard_Test" name="verifyDashBoardAfterLogin" time="0.093"/>
  <testcase classname="tests.DashBoard_Test" name="verifyNavbarVisibility" time="0.107"/>
  <testcase classname="tests.DashBoard_Test" name="verifyProfileIconDisplayed" time="0.099"/>
  <testcase classname="tests.DashBoard_Test" name="verifyProfileDropdownVisibility" time="0.991"/>
  <testcase classname="tests.DashBoard_Test" name="verifyQuickLaunchButtonsEnabled" time="6.018"/>
  <testcase classname="tests.DashBoard_Test" name="verifyChartsDisplayed" time="1.716"/>
  <testcase classname="tests.DashBoard_Test" name="verifyWidget_DistributionByLocation" time="0.145"/>
  <testcase classname="tests.DashBoard_Test" name="verifyWidget_DistributionBySubUnit" time="0.141"/>
  <testcase classname="tests.DashBoard_Test" name="verifyWidget_EmployeesOnLeave" time="0.098"/>
  <testcase classname="tests.DashBoard_Test" name="verifyWidget_MyActions" time="0.106"/>
  <testcase classname="tests.DashBoard_Test" name="verifyWidget_QuickLaunch" time="0.09"/>
  <testcase classname="tests.DashBoard_Test" name="verifyWidget_TimeAtWork" time="0.105"/>
  <testcase classname="tests.DashBoard_Test" name="verifyQuickLaunch_FirstButton" time="4.359"/>
  <testcase classname="tests.DashBoard_Test" name="verifyQuickLaunch_SecondButton" time="6.524"/>
  <testcase classname="tests.DashBoard_Test" name="verifyQuickLaunch_ThirdButton" time="7.121"/>
  <testcase classname="tests.DashBoard_Test" name="verifyHelpButtonDisplayed" time="0.087"/>
  <testcase classname="tests.DashBoard_Test" name="verifyHelpButtonEnabaled" time="0.075"/>
  <testcase classname="tests.DashBoard_Test" name="verifyHelpButtonNavigation" time="3.565"/>
  <testcase classname="tests.DashBoard_Test" name="verifyUpgradeButtonDisplayed" time="0.097"/>
  <testcase classname="tests.DashBoard_Test" name="verifyUpgradeButtonEnabled" time="0.106"/>
  <testcase classname="tests.DashBoard_Test" name="verifyUpgradeButtonNavigation" time="26.698"/>
  <testcase classname="tests.DashBoard_Test" name="logoVerify" time="0.101"/>
  <testcase classname="tests.DashBoard_Test" name="navbarVerify" time="0.091"/>
  <testcase classname="tests.DashBoard_Test" name="footerVerify" time="0.082"/>
</testsuite> <!-- Default test -->
