<?xml version="1.0" encoding="UTF-8"?>
<!-- Generated by org.testng.reporters.JUnitXMLReporter -->
<testsuite ignored="0" hostname="LAPTOP-6PLMN6V4" failures="0" tests="21" name="Default test" time="187.562" errors="0" timestamp="2026-01-30T11:53:38 IST">
  <testcase classname="tests.DashBoard_Test" name="verifyDashBoardAfterLogin" time="0.978"/>
  <testcase classname="tests.DashBoard_Test" name="verifyHelpButtonEnabaled" time="0.72"/>
  <testcase classname="tests.DashBoard_Test" name="verifyNavbarVisibility" time="1.569"/>
  <testcase classname="tests.DashBoard_Test" name="verifyProfileIconDisplayed" time="0.836"/>
  <testcase classname="tests.DashBoard_Test" name="verifyProfileDropdownVisibility" time="1.191"/>
  <testcase classname="tests.DashBoard_Test" name="verifyQuickLaunchButtonsEnabled" time="2.268"/>
  <testcase classname="tests.DashBoard_Test" name="verifyChartsDisplayed" time="1.702"/>
  <testcase classname="tests.DashBoard_Test" name="verifyWidget_DistributionByLocation" time="0.658"/>
  <testcase classname="tests.DashBoard_Test" name="verifyWidget_DistributionBySubUnit" time="0.944"/>
  <testcase classname="tests.DashBoard_Test" name="verifyWidget_EmployeesOnLeave" time="1.141"/>
  <testcase classname="tests.DashBoard_Test" name="verifyWidget_MyActions" time="0.727"/>
  <testcase classname="tests.DashBoard_Test" name="verifyWidget_QuickLaunch" time="0.948"/>
  <testcase classname="tests.DashBoard_Test" name="verifyWidget_TimeAtWork" time="0.625"/>
  <testcase classname="tests.DashBoard_Test" name="verifyQuickLaunch_FirstButton" time="3.783"/>
  <testcase classname="tests.DashBoard_Test" name="verifyQuickLaunch_SecondButton" time="5.793"/>
  <testcase classname="tests.DashBoard_Test" name="verifyQuickLaunch_ThirdButton" time="4.443"/>
  <testcase classname="tests.DashBoard_Test" name="verifyHelpButtonDisplayed" time="0.857"/>
  <testcase classname="tests.DashBoard_Test" name="verifyHelpButtonNavigation" time="4.266"/>
  <testcase classname="tests.DashBoard_Test" name="verifyUpgradeButtonDisplayed" time="0.669"/>
  <testcase classname="tests.DashBoard_Test" name="verifyUpgradeButtonEnabled" time="0.633"/>
  <testcase classname="tests.DashBoard_Test" name="verifyUpgradeButtonNavigation" time="7.913"/>
</testsuite> <!-- Default test -->
