<?xml version="1.0" encoding="UTF-8"?>
<!-- Generated by org.testng.reporters.JUnitXMLReporter -->
<testsuite ignored="0" hostname="LAPTOP-6PLMN6V4" failures="1" tests="26" name="Login Module" time="337.206" errors="0" timestamp="2026-01-28T17:21:04 IST">
  <testcase classname="tests.DashBoard_Test" name="@BeforeMethod setUp" time="1.911">
    <failure type="java.lang.AssertionError" message="Expected and actual link is not matching! expected [https://opensource-demo.orangehrmlive.com/web/index.php/dashboard/index] but found [https://opensource-demo.orangehrmlive.com/web/index.php/auth/login]">
      <![CDATA[java.lang.AssertionError: Expected and actual link is not matching! expected [https://opensource-demo.orangehrmlive.com/web/index.php/dashboard/index] but found [https://opensource-demo.orangehrmlive.com/web/index.php/auth/login]
at tests.DashBoard_Test.setUp(DashBoard_Test.java:32)
at java.base/java.util.ArrayList.forEach(ArrayList.java:1604)
... Removed 34 stack frames]]>
    </failure>
  </testcase> <!-- @BeforeMethod setUp -->
  <testcase classname="com.crm.utility.BaseWebdriver" name="@AfterMethod loggout" time="0.0">
    <skipped/>
  </testcase> <!-- @AfterMethod loggout -->
  <testcase classname="com.crm.utility.BaseWebdriver" name="@BeforeMethod loggin" time="0.0">
    <skipped/>
  </testcase> <!-- @BeforeMethod loggin -->
  <testcase classname="tests.DashBoard_Test" name="@BeforeMethod setUp" time="0.0">
    <skipped/>
  </testcase> <!-- @BeforeMethod setUp -->
  <testcase classname="com.crm.utility.BaseWebdriver" name="@AfterMethod loggout" time="0.0">
    <skipped/>
  </testcase> <!-- @AfterMethod loggout -->
  <testcase classname="com.crm.utility.BaseWebdriver" name="@BeforeMethod loggin" time="0.0">
    <skipped/>
  </testcase> <!-- @BeforeMethod loggin -->
  <testcase classname="tests.DashBoard_Test" name="@BeforeMethod setUp" time="0.0">
    <skipped/>
  </testcase> <!-- @BeforeMethod setUp -->
  <testcase classname="com.crm.utility.BaseWebdriver" name="@AfterMethod loggout" time="0.0">
    <skipped/>
  </testcase> <!-- @AfterMethod loggout -->
  <testcase classname="com.crm.utility.BaseClass" name="@AfterClass postCondition" time="0.0">
    <skipped/>
  </testcase> <!-- @AfterClass postCondition -->
  <testcase classname="com.crm.utility.BaseWebdriver" name="@AfterMethod loggout" time="10.047">
    <failure type="org.openqa.selenium.NoSuchElementException" message="no such element: Unable to locate element: {&amp;quot;method&amp;quot;:&amp;quot;xpath&amp;quot;,&amp;quot;selector&amp;quot;:&amp;quot;//p[@class=&amp;apos;oxd-userdropdown-name&amp;apos;]&amp;quot;}
  (Session info: chrome=138.0.7204.158)
For documentation on this error, please visit: https://www.selenium.dev/documentation/webdriver/troubleshooting/errors#no-such-element-exception
Build info: version: &amp;apos;4.18.1&amp;apos;, revision: &amp;apos;b1d3319b48&amp;apos;
System info: os.name: &amp;apos;Windows 11&amp;apos;, os.arch: &amp;apos;amd64&amp;apos;, os.version: &amp;apos;10.0&amp;apos;, java.version: &amp;apos;24.0.1&amp;apos;
Driver info: org.openqa.selenium.chrome.ChromeDriver
Command: [ead6c24ac815e7fb1e71df835e3a0dd6, findElement {value=//p[@class=&amp;apos;oxd-userdropdown-name&amp;apos;], using=xpath}]
Capabilities {acceptInsecureCerts: false, browserName: chrome, browserVersion: 138.0.7204.158, chrome: {chromedriverVersion: 138.0.7204.183 (e90faf484dd..., userDataDir: C:\Users\91702\AppData\Loca...}, fedcm:accounts: true, goog:chromeOptions: {debuggerAddress: localhost:49202}, networkConnectionEnabled: false, pageLoadStrategy: normal, platformName: windows, proxy: Proxy(), se:cdp: ws://localhost:49202/devtoo..., se:cdpVersion: 138.0.7204.158, setWindowRect: true, strictFileInteractability: false, timeouts: {implicit: 0, pageLoad: 300000, script: 30000}, unhandledPromptBehavior: dismiss and notify, webauthn:extension:credBlob: true, webauthn:extension:largeBlob: true, webauthn:extension:minPinLength: true, webauthn:extension:prf: true, webauthn:virtualAuthenticators: true}
Session ID: ead6c24ac815e7fb1e71df835e3a0dd6">
      <![CDATA[org.openqa.selenium.NoSuchElementException: no such element: Unable to locate element: {"method":"xpath","selector":"//p[@class='oxd-userdropdown-name']"}
  (Session info: chrome=138.0.7204.158)
For documentation on this error, please visit: https://www.selenium.dev/documentation/webdriver/troubleshooting/errors#no-such-element-exception
Build info: version: '4.18.1', revision: 'b1d3319b48'
System info: os.name: 'Windows 11', os.arch: 'amd64', os.version: '10.0', java.version: '24.0.1'
Driver info: org.openqa.selenium.chrome.ChromeDriver
Command: [ead6c24ac815e7fb1e71df835e3a0dd6, findElement {value=//p[@class='oxd-userdropdown-name'], using=xpath}]
Capabilities {acceptInsecureCerts: false, browserName: chrome, browserVersion: 138.0.7204.158, chrome: {chromedriverVersion: 138.0.7204.183 (e90faf484dd..., userDataDir: C:\Users\91702\AppData\Loca...}, fedcm:accounts: true, goog:chromeOptions: {debuggerAddress: localhost:49202}, networkConnectionEnabled: false, pageLoadStrategy: normal, platformName: windows, proxy: Proxy(), se:cdp: ws://localhost:49202/devtoo..., se:cdpVersion: 138.0.7204.158, setWindowRect: true, strictFileInteractability: false, timeouts: {implicit: 0, pageLoad: 300000, script: 30000}, unhandledPromptBehavior: dismiss and notify, webauthn:extension:credBlob: true, webauthn:extension:largeBlob: true, webauthn:extension:minPinLength: true, webauthn:extension:prf: true, webauthn:virtualAuthenticators: true}
Session ID: ead6c24ac815e7fb1e71df835e3a0dd6
at org.openqa.selenium.remote.ErrorCodec.decode(ErrorCodec.java:167)
at org.openqa.selenium.remote.codec.w3c.W3CHttpResponseCodec.decode(W3CHttpResponseCodec.java:138)
at org.openqa.selenium.remote.codec.w3c.W3CHttpResponseCodec.decode(W3CHttpResponseCodec.java:50)
at org.openqa.selenium.remote.HttpCommandExecutor.execute(HttpCommandExecutor.java:190)
at org.openqa.selenium.remote.service.DriverCommandExecutor.invokeExecute(DriverCommandExecutor.java:216)
at org.openqa.selenium.remote.service.DriverCommandExecutor.execute(DriverCommandExecutor.java:174)
at org.openqa.selenium.remote.RemoteWebDriver.execute(RemoteWebDriver.java:519)
at org.openqa.selenium.remote.ElementLocation$ElementFinder$2.findElement(ElementLocation.java:165)
at org.openqa.selenium.remote.ElementLocation.findElement(ElementLocation.java:59)
at org.openqa.selenium.remote.RemoteWebDriver.findElement(RemoteWebDriver.java:356)
at org.openqa.selenium.remote.RemoteWebDriver.findElement(RemoteWebDriver.java:350)
at com.crm.utility.BaseWebdriver.loggout(BaseWebdriver.java:41)
at java.base/java.util.ArrayList.forEach(ArrayList.java:1604)
... Removed 33 stack frames]]>
    </failure>
  </testcase> <!-- @AfterMethod loggout -->
  <testcase classname="com.crm.utility.BaseClass" name="@AfterClass postCondition" time="0.0">
    <skipped/>
  </testcase> <!-- @AfterClass postCondition -->
  <testcase classname="tests.DashBoard_Test" name="verifyDashBoardAfterLogin" time="0.988"/>
  <testcase classname="tests.DashBoard_Test" name="verifyHelpButtonEnabaled" time="0.715"/>
  <testcase classname="tests.DashBoard_Test" name="verifyNavbarVisibility" time="0.765"/>
  <testcase classname="tests.DashBoard_Test" name="verifyProfileIconDisplayed" time="0.679"/>
  <testcase classname="tests.DashBoard_Test" name="verifyProfileDropdownVisibility" time="1.127"/>
  <testcase classname="tests.DashBoard_Test" name="verifyQuickLaunchButtonsEnabled" time="2.503"/>
  <testcase classname="tests.DashBoard_Test" name="verifyChartsDisplayed" time="2.256"/>
  <testcase classname="tests.DashBoard_Test" name="verifyWidget_DistributionByLocation" time="0.816"/>
  <testcase classname="tests.DashBoard_Test" name="verifyWidget_DistributionBySubUnit" time="0.751"/>
  <testcase classname="tests.DashBoard_Test" name="verifyWidget_EmployeesOnLeave" time="0.675"/>
  <testcase classname="tests.DashBoard_Test" name="verifyWidget_MyActions" time="0.683"/>
  <testcase classname="tests.DashBoard_Test" name="verifyWidget_QuickLaunch" time="0.805"/>
  <testcase classname="tests.DashBoard_Test" name="verifyWidget_TimeAtWork" time="1.293"/>
  <testcase classname="tests.DashBoard_Test" name="verifyQuickLaunch_FirstButton" time="4.233"/>
  <testcase classname="tests.DashBoard_Test" name="verifyQuickLaunch_SecondButton" time="4.004"/>
  <testcase classname="tests.DashBoard_Test" name="verifyQuickLaunch_ThirdButton" time="4.732"/>
  <testcase classname="tests.DashBoard_Test" name="verifyHelpButtonDisplayed" time="1.258"/>
  <testcase classname="tests.DashBoard_Test" name="verifyHelpButtonNavigation" time="5.896"/>
  <testcase classname="tests.DashBoard_Test" name="verifyUpgradeButtonDisplayed" time="0.0">
    <skipped/>
  </testcase> <!-- verifyUpgradeButtonDisplayed -->
  <testcase classname="tests.DashBoard_Test" name="verifyUpgradeButtonEnabled" time="0.0">
    <skipped/>
  </testcase> <!-- verifyUpgradeButtonEnabled -->
  <testcase classname="tests.DashBoard_Test" name="verifyUpgradeButtonNavigation" time="0.0">
    <skipped/>
  </testcase> <!-- verifyUpgradeButtonNavigation -->
  <testcase classname="tests.Navbar_Test" name="searchFieldVisiblity" time="2.989"/>
  <testcase classname="tests.Navbar_Test" name="searchFieldEnabaled" time="5.608"/>
  <testcase classname="tests.Navbar_Test" name="searchFieldInputVerify" time="7.427"/>
  <testcase classname="tests.Navbar_Test" name="searchFieldWorking" time="9.923"/>
  <testcase classname="tests.Navbar_Test" name="verifyNavbarItemsLink" time="64.136">
    <failure type="java.lang.AssertionError" message="The navbar link is not wokring for Directory link expected [https://opensource-demo.orangehrmlive.com/web/index.php/directory/viewDirectory] but found [https://opensource-demo.orangehrmlive.com/web/index.php/maintenance/purgeEmployee]">
      <![CDATA[java.lang.AssertionError: The navbar link is not wokring for Directory link expected [https://opensource-demo.orangehrmlive.com/web/index.php/directory/viewDirectory] but found [https://opensource-demo.orangehrmlive.com/web/index.php/maintenance/purgeEmployee]
at tests.Navbar_Test.verifyNavbarItemsLink(Navbar_Test.java:114)
at java.base/java.util.ArrayList.forEach(ArrayList.java:1604)
... Removed 30 stack frames]]>
    </failure>
  </testcase> <!-- verifyNavbarItemsLink -->
</testsuite> <!-- Login Module -->
