<?xml version="1.0" encoding="UTF-8"?>
<!-- Generated by org.testng.reporters.JUnitXMLReporter -->
<testsuite ignored="0" hostname="LAPTOP-6PLMN6V4" failures="0" tests="9" name="Test" time="415.599" errors="0" timestamp="2026-02-02T11:55:36 IST">
  <testcase classname="tests.Profile_Test" name="usernameVisible" time="0.09"/>
  <testcase classname="tests.Profile_Test" name="verifyDropDownVisiblity" time="0.402"/>
  <testcase classname="tests.Profile_Test" name="verifyDropDownEnablity" time="0.378"/>
  <testcase classname="tests.Profile_Test" name="verifydropDownLinksvisiblity" time="0.636"/>
  <testcase classname="tests.Profile_Test" name="verifydropDownLinksEnablity" time="0.193"/>
  <testcase classname="tests.Profile_Test" name="verifyAboutLink" time="9.501"/>
  <testcase classname="tests.Profile_Test" name="verifySupportLink" time="10.232"/>
  <testcase classname="tests.Profile_Test" name="verifyUpdatePassLink" time="18.405"/>
  <testcase classname="tests.Profile_Test" name="verifyLogout" time="22.875"/>
</testsuite> <!-- Test -->
