<?xml version="1.0" encoding="UTF-8"?>
<!-- Generated by org.testng.reporters.JUnitXMLReporter -->
<testsuite ignored="0" hostname="LAPTOP-6PLMN6V4" failures="1" tests="26" name="Authenticated Module Tests" time="125.844" errors="0" timestamp="2026-01-30T01:12:47 IST">
  <testcase classname="tests.DashBoard_Test" name="verifyDashBoardAfterLogin" time="0.724"/>
  <testcase classname="tests.DashBoard_Test" name="verifyHelpButtonEnabaled" time="0.611"/>
  <testcase classname="tests.DashBoard_Test" name="verifyNavbarVisibility" time="0.75"/>
  <testcase classname="tests.DashBoard_Test" name="verifyProfileIconDisplayed" time="0.0">
    <skipped/>
  </testcase> <!-- verifyProfileIconDisplayed -->
  <testcase classname="tests.DashBoard_Test" name="verifyProfileDropdownVisibility" time="0.0">
    <skipped/>
  </testcase> <!-- verifyProfileDropdownVisibility -->
  <testcase classname="tests.DashBoard_Test" name="verifyQuickLaunchButtonsEnabled" time="0.0">
    <skipped/>
  </testcase> <!-- verifyQuickLaunchButtonsEnabled -->
  <testcase classname="tests.DashBoard_Test" name="verifyChartsDisplayed" time="0.0">
    <skipped/>
  </testcase> <!-- verifyChartsDisplayed -->
  <testcase classname="tests.DashBoard_Test" name="verifyWidget_DistributionByLocation" time="0.0">
    <skipped/>
  </testcase> <!-- verifyWidget_DistributionByLocation -->
  <testcase classname="tests.DashBoard_Test" name="verifyWidget_DistributionBySubUnit" time="0.0">
    <skipped/>
  </testcase> <!-- verifyWidget_DistributionBySubUnit -->
  <testcase classname="tests.DashBoard_Test" name="verifyWidget_EmployeesOnLeave" time="0.0">
    <skipped/>
  </testcase> <!-- verifyWidget_EmployeesOnLeave -->
  <testcase classname="tests.DashBoard_Test" name="verifyWidget_MyActions" time="0.0">
    <skipped/>
  </testcase> <!-- verifyWidget_MyActions -->
  <testcase classname="tests.DashBoard_Test" name="verifyWidget_QuickLaunch" time="0.0">
    <skipped/>
  </testcase> <!-- verifyWidget_QuickLaunch -->
  <testcase classname="tests.DashBoard_Test" name="verifyWidget_TimeAtWork" time="0.0">
    <skipped/>
  </testcase> <!-- verifyWidget_TimeAtWork -->
  <testcase classname="tests.DashBoard_Test" name="verifyQuickLaunch_FirstButton" time="0.0">
    <skipped/>
  </testcase> <!-- verifyQuickLaunch_FirstButton -->
  <testcase classname="tests.DashBoard_Test" name="verifyQuickLaunch_SecondButton" time="0.0">
    <skipped/>
  </testcase> <!-- verifyQuickLaunch_SecondButton -->
  <testcase classname="tests.DashBoard_Test" name="verifyQuickLaunch_ThirdButton" time="0.0">
    <skipped/>
  </testcase> <!-- verifyQuickLaunch_ThirdButton -->
  <testcase classname="tests.DashBoard_Test" name="verifyHelpButtonDisplayed" time="0.002">
    <skipped/>
  </testcase> <!-- verifyHelpButtonDisplayed -->
  <testcase classname="tests.DashBoard_Test" name="verifyHelpButtonNavigation" time="0.0">
    <skipped/>
  </testcase> <!-- verifyHelpButtonNavigation -->
  <testcase classname="tests.DashBoard_Test" name="verifyUpgradeButtonDisplayed" time="0.0">
    <skipped/>
  </testcase> <!-- verifyUpgradeButtonDisplayed -->
  <testcase classname="tests.DashBoard_Test" name="verifyUpgradeButtonEnabled" time="0.0">
    <skipped/>
  </testcase> <!-- verifyUpgradeButtonEnabled -->
  <testcase classname="tests.DashBoard_Test" name="verifyUpgradeButtonNavigation" time="0.0">
    <skipped/>
  </testcase> <!-- verifyUpgradeButtonNavigation -->
  <testcase classname="tests.Navbar_Test" name="searchFieldVisiblity" time="2.846"/>
  <testcase classname="tests.Navbar_Test" name="searchFieldEnabaled" time="2.435"/>
  <testcase classname="tests.Navbar_Test" name="searchFieldInputVerify" time="2.958"/>
  <testcase classname="tests.Navbar_Test" name="searchFieldWorking" time="6.828"/>
  <testcase classname="tests.Navbar_Test" name="verifyNavbarItemsLink" time="42.93">
    <failure type="java.lang.AssertionError" message="The navbar link is not wokring for Directory link expected [https://opensource-demo.orangehrmlive.com/web/index.php/directory/viewDirectory] but found [https://opensource-demo.orangehrmlive.com/web/index.php/maintenance/purgeEmployee]">
      <![CDATA[java.lang.AssertionError: The navbar link is not wokring for Directory link expected [https://opensource-demo.orangehrmlive.com/web/index.php/directory/viewDirectory] but found [https://opensource-demo.orangehrmlive.com/web/index.php/maintenance/purgeEmployee]
at tests.Navbar_Test.verifyNavbarItemsLink(Navbar_Test.java:114)
at java.base/java.util.ArrayList.forEach(ArrayList.java:1604)
... Removed 30 stack frames]]>
    </failure>
  </testcase> <!-- verifyNavbarItemsLink -->
</testsuite> <!-- Authenticated Module Tests -->
