<?xml version="1.0" encoding="UTF-8"?>
<!-- Generated by org.testng.reporters.JUnitXMLReporter -->
<testsuite ignored="0" hostname="LAPTOP-6PLMN6V4" failures="0" tests="25" name="Login Page Tests" time="257.403" errors="0" timestamp="2026-01-30T01:10:41 IST">
  <testcase classname="tests.Loggin101" name="verifyLink" time="0.04"/>
  <testcase classname="tests.Loggin101" name="verifyLoginButtonDisplay" time="1.433"/>
  <testcase classname="tests.Loggin101" name="verifyLoginBtnEnabled" time="1.126"/>
  <testcase classname="tests.Loggin101" name="verifyForgotPasswordLinkVisiblity" time="0.926"/>
  <testcase classname="tests.Loggin101" name="verifyforgotPassWordEnabled" time="0.845"/>
  <testcase classname="tests.Loggin101" name="verifyforgotPassWordLink" time="4.103"/>
  <testcase classname="tests.Loggin101" name="testResetPassPage" time="2.663"/>
  <testcase classname="tests.Loggin101" name="usernameField" time="0.783"/>
  <testcase classname="tests.Loggin101" name="passwordField" time="1.007"/>
  <testcase classname="tests.Loggin101" name="passmasked" time="0.769"/>
  <testcase classname="tests.Loggin101" name="performLogin" time="10.399"/>
  <testcase classname="tests.Loggin101" name="performLogin" time="13.0"/>
  <testcase classname="tests.Loggin101" name="performLogin" time="13.147"/>
  <testcase classname="tests.Loggin101" name="performLogin" time="1.112"/>
  <testcase classname="tests.Loggin101" name="performLogin" time="1.173"/>
  <testcase classname="tests.Loggin101" name="performLogin" time="1.343"/>
  <testcase classname="tests.Loggin101" name="performLogin" time="14.286"/>
  <testcase classname="tests.Loggin101" name="performLogin" time="13.399"/>
  <testcase classname="tests.Loggin101" name="performLogin" time="13.756"/>
  <testcase classname="tests.Loggin101" name="performLogin" time="13.813"/>
  <testcase classname="tests.Loggin101" name="performLogin" time="19.48"/>
  <testcase classname="tests.Loggin101" name="performLogin" time="19.286"/>
  <testcase classname="tests.Loggin101" name="performLogin" time="23.639"/>
  <testcase classname="tests.Loggin101" name="performLogin" time="26.251"/>
  <testcase classname="tests.Loggin101" name="performLogin" time="15.253"/>
</testsuite> <!-- Login Page Tests -->
