<?xml version="1.0" encoding="UTF-8"?>
<!-- Generated by org.testng.reporters.JUnitXMLReporter -->
<testsuite ignored="2" hostname="LAPTOP-6PLMN6V4" failures="0" tests="24" name="project_TestCases" time="247.138" errors="0" timestamp="2026-02-02T17:06:39 IST">
  <testcase classname="tests.Loggin101" name="@BeforeMethod setUp" time="0.048">
    <failure type="org.openqa.selenium.NoSuchSessionException" message="invalid session id
Build info: version: &amp;apos;4.18.1&amp;apos;, revision: &amp;apos;b1d3319b48&amp;apos;
System info: os.name: &amp;apos;Windows 11&amp;apos;, os.arch: &amp;apos;amd64&amp;apos;, os.version: &amp;apos;10.0&amp;apos;, java.version: &amp;apos;24.0.1&amp;apos;
Driver info: org.openqa.selenium.chrome.ChromeDriver
Command: [ef86daa456720fe3036deb40a4b10bcf, get {url=https://opensource-demo.orangehrmlive.com/web/index.php/auth/login}]
Capabilities {acceptInsecureCerts: false, browserName: chrome, browserVersion: 138.0.7204.158, chrome: {chromedriverVersion: 138.0.7204.183 (e90faf484dd..., userDataDir: C:\Users\91702\AppData\Loca...}, fedcm:accounts: true, goog:chromeOptions: {debuggerAddress: localhost:59992}, networkConnectionEnabled: false, pageLoadStrategy: normal, platformName: windows, proxy: Proxy(), se:cdp: ws://localhost:59992/devtoo..., se:cdpVersion: 138.0.7204.158, setWindowRect: true, strictFileInteractability: false, timeouts: {implicit: 0, pageLoad: 300000, script: 30000}, unhandledPromptBehavior: dismiss and notify, webauthn:extension:credBlob: true, webauthn:extension:largeBlob: true, webauthn:extension:minPinLength: true, webauthn:extension:prf: true, webauthn:virtualAuthenticators: true}
Session ID: ef86daa456720fe3036deb40a4b10bcf">
      <![CDATA[org.openqa.selenium.NoSuchSessionException: invalid session id
Build info: version: '4.18.1', revision: 'b1d3319b48'
System info: os.name: 'Windows 11', os.arch: 'amd64', os.version: '10.0', java.version: '24.0.1'
Driver info: org.openqa.selenium.chrome.ChromeDriver
Command: [ef86daa456720fe3036deb40a4b10bcf, get {url=https://opensource-demo.orangehrmlive.com/web/index.php/auth/login}]
Capabilities {acceptInsecureCerts: false, browserName: chrome, browserVersion: 138.0.7204.158, chrome: {chromedriverVersion: 138.0.7204.183 (e90faf484dd..., userDataDir: C:\Users\91702\AppData\Loca...}, fedcm:accounts: true, goog:chromeOptions: {debuggerAddress: localhost:59992}, networkConnectionEnabled: false, pageLoadStrategy: normal, platformName: windows, proxy: Proxy(), se:cdp: ws://localhost:59992/devtoo..., se:cdpVersion: 138.0.7204.158, setWindowRect: true, strictFileInteractability: false, timeouts: {implicit: 0, pageLoad: 300000, script: 30000}, unhandledPromptBehavior: dismiss and notify, webauthn:extension:credBlob: true, webauthn:extension:largeBlob: true, webauthn:extension:minPinLength: true, webauthn:extension:prf: true, webauthn:virtualAuthenticators: true}
Session ID: ef86daa456720fe3036deb40a4b10bcf
at org.openqa.selenium.remote.ErrorCodec.decode(ErrorCodec.java:167)
at org.openqa.selenium.remote.codec.w3c.W3CHttpResponseCodec.decode(W3CHttpResponseCodec.java:138)
at org.openqa.selenium.remote.codec.w3c.W3CHttpResponseCodec.decode(W3CHttpResponseCodec.java:50)
at org.openqa.selenium.remote.HttpCommandExecutor.execute(HttpCommandExecutor.java:190)
at org.openqa.selenium.remote.service.DriverCommandExecutor.invokeExecute(DriverCommandExecutor.java:216)
at org.openqa.selenium.remote.service.DriverCommandExecutor.execute(DriverCommandExecutor.java:174)
at org.openqa.selenium.remote.RemoteWebDriver.execute(RemoteWebDriver.java:519)
at org.openqa.selenium.remote.RemoteWebDriver.get(RemoteWebDriver.java:301)
at tests.Loggin101.setUp(Loggin101.java:38)
at java.base/java.util.ArrayList.forEach(ArrayList.java:1604)
... Removed 32 stack frames]]>
    </failure>
  </testcase> <!-- @BeforeMethod setUp -->
  <testcase classname="tests.Loggin101" name="@BeforeMethod setUp" time="0.0">
    <skipped/>
  </testcase> <!-- @BeforeMethod setUp -->
  <testcase classname="tests.Loggin101" name="@BeforeMethod setUp" time="0.0">
    <skipped/>
  </testcase> <!-- @BeforeMethod setUp -->
  <testcase classname="com.crm.utility.BaseClass" name="@AfterClass postCondition" time="0.0">
    <skipped/>
  </testcase> <!-- @AfterClass postCondition -->
  <testcase classname="tests.Loggin101" name="verifyLink" time="0.042"/>
  <testcase classname="tests.Loggin101" name="verifyLoginButtonDisplay" time="1.097"/>
  <testcase classname="tests.Loggin101" name="verifyLoginBtnEnabled" time="1.061"/>
  <testcase classname="tests.Loggin101" name="verifyForgotPasswordLinkVisiblity" time="1.001"/>
  <testcase classname="tests.Loggin101" name="verifyforgotPassWordEnabled" time="1.124"/>
  <testcase classname="tests.Loggin101" name="verifyforgotPassWordLink" time="3.419"/>
  <testcase classname="tests.Loggin101" name="testResetPassPage" time="3.256"/>
  <testcase classname="tests.Loggin101" name="usernameField" time="1.219"/>
  <testcase classname="tests.Loggin101" name="passwordField" time="1.494"/>
  <testcase classname="tests.Loggin101" name="passmasked" time="1.034"/>
  <testcase classname="tests.Loggin101" name="performLogin" time="9.924"/>
  <testcase classname="tests.Loggin101" name="performLogin" time="13.977"/>
  <testcase classname="tests.Loggin101" name="performLogin" time="14.604"/>
  <testcase classname="tests.Loggin101" name="performLogin" time="1.409"/>
  <testcase classname="tests.Loggin101" name="performLogin" time="1.381"/>
  <testcase classname="tests.Loggin101" name="performLogin" time="1.149"/>
  <testcase classname="tests.Loggin101" name="performLogin" time="14.105"/>
  <testcase classname="tests.Loggin101" name="performLogin" time="14.338"/>
  <testcase classname="tests.Loggin101" name="performLogin" time="20.801"/>
  <testcase classname="tests.Loggin101" name="performLogin" time="27.517"/>
  <testcase classname="tests.Loggin101" name="performLogin" time="17.563"/>
  <testcase classname="tests.Loggin101" name="performLogin" time="52.37">
    <skipped/>
  </testcase> <!-- performLogin -->
  <testcase classname="tests.Loggin101" name="performLogin" time="0.061">
    <skipped/>
  </testcase> <!-- performLogin -->
  <testcase classname="tests.Loggin101" name="performLogin" time="0.054">
    <skipped/>
  </testcase> <!-- performLogin -->
  <testcase classname="tests.Admin_Module_Test" name="verifyPageLink" time="0.0">
    <ignored/>
  </testcase> <!-- verifyPageLink -->
  <testcase classname="tests.Admin_Module_Test" name="verifyUsernameFieldVisiblityMainPage" time="0.0">
    <ignored/>
  </testcase> <!-- verifyUsernameFieldVisiblityMainPage -->
</testsuite> <!-- project_TestCases -->
