<?xml version="1.0" encoding="UTF-8"?>
<!-- Generated by org.testng.reporters.JUnitXMLReporter -->
<testsuite ignored="4" hostname="LAPTOP-6PLMN6V4" failures="0" tests="51" name="project_TestCases" time="1002.357" errors="0" timestamp="2026-01-30T11:39:11 IST">
  <testcase classname="tests.DashBoard_Test" name="@BeforeMethod setUp" time="0.009">
    <failure type="java.lang.AssertionError" message="Expected and actual link is not matching! expected [https://opensource-demo.orangehrmlive.com/web/index.php/dashboard/index] but found [https://opensource-demo.orangehrmlive.com/web/index.php/auth/login]">
      <![CDATA[java.lang.AssertionError: Expected and actual link is not matching! expected [https://opensource-demo.orangehrmlive.com/web/index.php/dashboard/index] but found [https://opensource-demo.orangehrmlive.com/web/index.php/auth/login]
at tests.DashBoard_Test.setUp(DashBoard_Test.java:32)
at java.base/java.util.ArrayList.forEach(ArrayList.java:1604)
... Removed 34 stack frames]]>
    </failure>
  </testcase> <!-- @BeforeMethod setUp -->
  <testcase classname="com.crm.utility.BaseWebdriver" name="@AfterMethod loggout" time="0.0">
    <skipped/>
  </testcase> <!-- @AfterMethod loggout -->
  <testcase classname="com.crm.utility.BaseWebdriver" name="@BeforeMethod loggin" time="0.0">
    <skipped/>
  </testcase> <!-- @BeforeMethod loggin -->
  <testcase classname="tests.DashBoard_Test" name="@BeforeMethod setUp" time="0.0">
    <skipped/>
  </testcase> <!-- @BeforeMethod setUp -->
  <testcase classname="com.crm.utility.BaseWebdriver" name="@AfterMethod loggout" time="0.0">
    <skipped/>
  </testcase> <!-- @AfterMethod loggout -->
  <testcase classname="com.crm.utility.BaseWebdriver" name="@BeforeMethod loggin" time="0.0">
    <skipped/>
  </testcase> <!-- @BeforeMethod loggin -->
  <testcase classname="tests.DashBoard_Test" name="@BeforeMethod setUp" time="0.0">
    <skipped/>
  </testcase> <!-- @BeforeMethod setUp -->
  <testcase classname="com.crm.utility.BaseWebdriver" name="@AfterMethod loggout" time="0.0">
    <skipped/>
  </testcase> <!-- @AfterMethod loggout -->
  <testcase classname="com.crm.utility.BaseWebdriver" name="@BeforeMethod loggin" time="0.0">
    <skipped/>
  </testcase> <!-- @BeforeMethod loggin -->
  <testcase classname="tests.DashBoard_Test" name="@BeforeMethod setUp" time="0.0">
    <skipped/>
  </testcase> <!-- @BeforeMethod setUp -->
  <testcase classname="com.crm.utility.BaseWebdriver" name="@AfterMethod loggout" time="0.0">
    <skipped/>
  </testcase> <!-- @AfterMethod loggout -->
  <testcase classname="com.crm.utility.BaseWebdriver" name="@BeforeMethod loggin" time="0.0">
    <skipped/>
  </testcase> <!-- @BeforeMethod loggin -->
  <testcase classname="tests.DashBoard_Test" name="@BeforeMethod setUp" time="0.0">
    <skipped/>
  </testcase> <!-- @BeforeMethod setUp -->
  <testcase classname="com.crm.utility.BaseWebdriver" name="@AfterMethod loggout" time="0.0">
    <skipped/>
  </testcase> <!-- @AfterMethod loggout -->
  <testcase classname="com.crm.utility.BaseWebdriver" name="@BeforeMethod loggin" time="0.0">
    <skipped/>
  </testcase> <!-- @BeforeMethod loggin -->
  <testcase classname="tests.DashBoard_Test" name="@BeforeMethod setUp" time="0.0">
    <skipped/>
  </testcase> <!-- @BeforeMethod setUp -->
  <testcase classname="com.crm.utility.BaseWebdriver" name="@AfterMethod loggout" time="0.0">
    <skipped/>
  </testcase> <!-- @AfterMethod loggout -->
  <testcase classname="com.crm.utility.BaseWebdriver" name="@BeforeMethod loggin" time="0.0">
    <skipped/>
  </testcase> <!-- @BeforeMethod loggin -->
  <testcase classname="tests.DashBoard_Test" name="@BeforeMethod setUp" time="0.0">
    <skipped/>
  </testcase> <!-- @BeforeMethod setUp -->
  <testcase classname="com.crm.utility.BaseWebdriver" name="@AfterMethod loggout" time="0.0">
    <skipped/>
  </testcase> <!-- @AfterMethod loggout -->
  <testcase classname="com.crm.utility.BaseWebdriver" name="@BeforeMethod loggin" time="0.0">
    <skipped/>
  </testcase> <!-- @BeforeMethod loggin -->
  <testcase classname="tests.DashBoard_Test" name="@BeforeMethod setUp" time="0.0">
    <skipped/>
  </testcase> <!-- @BeforeMethod setUp -->
  <testcase classname="com.crm.utility.BaseWebdriver" name="@AfterMethod loggout" time="0.0">
    <skipped/>
  </testcase> <!-- @AfterMethod loggout -->
  <testcase classname="com.crm.utility.BaseWebdriver" name="@BeforeMethod loggin" time="0.0">
    <skipped/>
  </testcase> <!-- @BeforeMethod loggin -->
  <testcase classname="tests.DashBoard_Test" name="@BeforeMethod setUp" time="0.0">
    <skipped/>
  </testcase> <!-- @BeforeMethod setUp -->
  <testcase classname="com.crm.utility.BaseWebdriver" name="@AfterMethod loggout" time="0.0">
    <skipped/>
  </testcase> <!-- @AfterMethod loggout -->
  <testcase classname="com.crm.utility.BaseWebdriver" name="@BeforeMethod loggin" time="0.0">
    <skipped/>
  </testcase> <!-- @BeforeMethod loggin -->
  <testcase classname="tests.DashBoard_Test" name="@BeforeMethod setUp" time="0.0">
    <skipped/>
  </testcase> <!-- @BeforeMethod setUp -->
  <testcase classname="com.crm.utility.BaseWebdriver" name="@AfterMethod loggout" time="0.0">
    <skipped/>
  </testcase> <!-- @AfterMethod loggout -->
  <testcase classname="com.crm.utility.BaseWebdriver" name="@BeforeMethod loggin" time="0.0">
    <skipped/>
  </testcase> <!-- @BeforeMethod loggin -->
  <testcase classname="tests.DashBoard_Test" name="@BeforeMethod setUp" time="0.0">
    <skipped/>
  </testcase> <!-- @BeforeMethod setUp -->
  <testcase classname="com.crm.utility.BaseWebdriver" name="@AfterMethod loggout" time="0.0">
    <skipped/>
  </testcase> <!-- @AfterMethod loggout -->
  <testcase classname="com.crm.utility.BaseWebdriver" name="@BeforeMethod loggin" time="0.0">
    <skipped/>
  </testcase> <!-- @BeforeMethod loggin -->
  <testcase classname="tests.DashBoard_Test" name="@BeforeMethod setUp" time="0.0">
    <skipped/>
  </testcase> <!-- @BeforeMethod setUp -->
  <testcase classname="com.crm.utility.BaseWebdriver" name="@AfterMethod loggout" time="0.0">
    <skipped/>
  </testcase> <!-- @AfterMethod loggout -->
  <testcase classname="com.crm.utility.BaseWebdriver" name="@BeforeMethod loggin" time="0.0">
    <skipped/>
  </testcase> <!-- @BeforeMethod loggin -->
  <testcase classname="tests.DashBoard_Test" name="@BeforeMethod setUp" time="0.0">
    <skipped/>
  </testcase> <!-- @BeforeMethod setUp -->
  <testcase classname="com.crm.utility.BaseWebdriver" name="@AfterMethod loggout" time="0.0">
    <skipped/>
  </testcase> <!-- @AfterMethod loggout -->
  <testcase classname="com.crm.utility.BaseWebdriver" name="@BeforeMethod loggin" time="0.0">
    <skipped/>
  </testcase> <!-- @BeforeMethod loggin -->
  <testcase classname="tests.DashBoard_Test" name="@BeforeMethod setUp" time="0.0">
    <skipped/>
  </testcase> <!-- @BeforeMethod setUp -->
  <testcase classname="com.crm.utility.BaseWebdriver" name="@AfterMethod loggout" time="0.0">
    <skipped/>
  </testcase> <!-- @AfterMethod loggout -->
  <testcase classname="com.crm.utility.BaseWebdriver" name="@BeforeMethod loggin" time="0.0">
    <skipped/>
  </testcase> <!-- @BeforeMethod loggin -->
  <testcase classname="tests.DashBoard_Test" name="@BeforeMethod setUp" time="0.0">
    <skipped/>
  </testcase> <!-- @BeforeMethod setUp -->
  <testcase classname="com.crm.utility.BaseWebdriver" name="@AfterMethod loggout" time="0.0">
    <skipped/>
  </testcase> <!-- @AfterMethod loggout -->
  <testcase classname="com.crm.utility.BaseWebdriver" name="@BeforeMethod loggin" time="694.507">
    <failure type="org.openqa.selenium.TimeoutException" message="java.net.http.HttpTimeoutException: request timed out
Build info: version: &amp;apos;4.18.1&amp;apos;, revision: &amp;apos;b1d3319b48&amp;apos;
System info: os.name: &amp;apos;Windows 11&amp;apos;, os.arch: &amp;apos;amd64&amp;apos;, os.version: &amp;apos;10.0&amp;apos;, java.version: &amp;apos;24.0.1&amp;apos;
Driver info: org.openqa.selenium.chrome.ChromeDriver
Command: [8125427adcb562a7b4dd4b687287465f, findElement {value=//input[@name=&amp;apos;username&amp;apos;], using=xpath}]
Capabilities {acceptInsecureCerts: false, browserName: chrome, browserVersion: 138.0.7204.158, chrome: {chromedriverVersion: 138.0.7204.183 (e90faf484dd..., userDataDir: C:\Users\91702\AppData\Loca...}, fedcm:accounts: true, goog:chromeOptions: {debuggerAddress: localhost:62801}, networkConnectionEnabled: false, pageLoadStrategy: normal, platformName: windows, proxy: Proxy(), se:cdp: ws://localhost:62801/devtoo..., se:cdpVersion: 138.0.7204.158, setWindowRect: true, strictFileInteractability: false, timeouts: {implicit: 0, pageLoad: 300000, script: 30000}, unhandledPromptBehavior: dismiss and notify, webauthn:extension:credBlob: true, webauthn:extension:largeBlob: true, webauthn:extension:minPinLength: true, webauthn:extension:prf: true, webauthn:virtualAuthenticators: true}
Session ID: 8125427adcb562a7b4dd4b687287465f">
      <![CDATA[org.openqa.selenium.TimeoutException: java.net.http.HttpTimeoutException: request timed out
Build info: version: '4.18.1', revision: 'b1d3319b48'
System info: os.name: 'Windows 11', os.arch: 'amd64', os.version: '10.0', java.version: '24.0.1'
Driver info: org.openqa.selenium.chrome.ChromeDriver
Command: [8125427adcb562a7b4dd4b687287465f, findElement {value=//input[@name='username'], using=xpath}]
Capabilities {acceptInsecureCerts: false, browserName: chrome, browserVersion: 138.0.7204.158, chrome: {chromedriverVersion: 138.0.7204.183 (e90faf484dd..., userDataDir: C:\Users\91702\AppData\Loca...}, fedcm:accounts: true, goog:chromeOptions: {debuggerAddress: localhost:62801}, networkConnectionEnabled: false, pageLoadStrategy: normal, platformName: windows, proxy: Proxy(), se:cdp: ws://localhost:62801/devtoo..., se:cdpVersion: 138.0.7204.158, setWindowRect: true, strictFileInteractability: false, timeouts: {implicit: 0, pageLoad: 300000, script: 30000}, unhandledPromptBehavior: dismiss and notify, webauthn:extension:credBlob: true, webauthn:extension:largeBlob: true, webauthn:extension:minPinLength: true, webauthn:extension:prf: true, webauthn:virtualAuthenticators: true}
Session ID: 8125427adcb562a7b4dd4b687287465f
at org.openqa.selenium.remote.http.jdk.JdkHttpClient.execute0(JdkHttpClient.java:393)
at org.openqa.selenium.remote.http.AddSeleniumUserAgent.lambda$apply$0(AddSeleniumUserAgent.java:42)
at org.openqa.selenium.remote.http.Filter.lambda$andFinally$1(Filter.java:55)
at org.openqa.selenium.remote.http.jdk.JdkHttpClient.execute(JdkHttpClient.java:359)
at org.openqa.selenium.remote.HttpCommandExecutor.execute(HttpCommandExecutor.java:187)
at org.openqa.selenium.remote.service.DriverCommandExecutor.invokeExecute(DriverCommandExecutor.java:216)
at org.openqa.selenium.remote.service.DriverCommandExecutor.execute(DriverCommandExecutor.java:174)
at org.openqa.selenium.remote.RemoteWebDriver.execute(RemoteWebDriver.java:519)
at org.openqa.selenium.remote.ElementLocation$ElementFinder$2.findElement(ElementLocation.java:165)
at org.openqa.selenium.remote.ElementLocation.findElement(ElementLocation.java:59)
at org.openqa.selenium.remote.RemoteWebDriver.findElement(RemoteWebDriver.java:356)
at org.openqa.selenium.remote.RemoteWebDriver.findElement(RemoteWebDriver.java:350)
at com.crm.utility.BaseWebdriver.loggin(BaseWebdriver.java:30)
at java.base/java.util.ArrayList.forEach(ArrayList.java:1604)
Caused by: java.net.http.HttpTimeoutException: request timed out
at java.net.http/jdk.internal.net.http.ResponseTimerEvent.handle(ResponseTimerEvent.java:63)
at java.net.http/jdk.internal.net.http.HttpClientImpl.purgeTimeoutsAndReturnNextDeadline(HttpClientImpl.java:1751)
at java.net.http/jdk.internal.net.http.HttpClientImpl$SelectorManager.run(HttpClientImpl.java:1348)
... Removed 29 stack frames]]>
    </failure>
  </testcase> <!-- @BeforeMethod loggin -->
  <testcase classname="tests.Navbar_Test" name="@BeforeMethod setUp" time="0.0">
    <skipped/>
  </testcase> <!-- @BeforeMethod setUp -->
  <testcase classname="com.crm.utility.BaseWebdriver" name="@AfterMethod loggout" time="0.0">
    <skipped/>
  </testcase> <!-- @AfterMethod loggout -->
  <testcase classname="com.crm.utility.BaseWebdriver" name="@BeforeMethod loggin" time="0.0">
    <skipped/>
  </testcase> <!-- @BeforeMethod loggin -->
  <testcase classname="tests.Navbar_Test" name="@BeforeMethod setUp" time="0.0">
    <skipped/>
  </testcase> <!-- @BeforeMethod setUp -->
  <testcase classname="com.crm.utility.BaseWebdriver" name="@AfterMethod loggout" time="0.0">
    <skipped/>
  </testcase> <!-- @AfterMethod loggout -->
  <testcase classname="com.crm.utility.BaseWebdriver" name="@BeforeMethod loggin" time="0.0">
    <skipped/>
  </testcase> <!-- @BeforeMethod loggin -->
  <testcase classname="tests.Navbar_Test" name="@BeforeMethod setUp" time="0.0">
    <skipped/>
  </testcase> <!-- @BeforeMethod setUp -->
  <testcase classname="com.crm.utility.BaseWebdriver" name="@AfterMethod loggout" time="0.0">
    <skipped/>
  </testcase> <!-- @AfterMethod loggout -->
  <testcase classname="com.crm.utility.BaseWebdriver" name="@BeforeMethod loggin" time="0.0">
    <skipped/>
  </testcase> <!-- @BeforeMethod loggin -->
  <testcase classname="tests.Navbar_Test" name="@BeforeMethod setUp" time="0.0">
    <skipped/>
  </testcase> <!-- @BeforeMethod setUp -->
  <testcase classname="com.crm.utility.BaseWebdriver" name="@AfterMethod loggout" time="0.0">
    <skipped/>
  </testcase> <!-- @AfterMethod loggout -->
  <testcase classname="com.crm.utility.BaseWebdriver" name="@BeforeMethod loggin" time="0.0">
    <skipped/>
  </testcase> <!-- @BeforeMethod loggin -->
  <testcase classname="tests.Navbar_Test" name="@BeforeMethod setUp" time="0.0">
    <skipped/>
  </testcase> <!-- @BeforeMethod setUp -->
  <testcase classname="com.crm.utility.BaseWebdriver" name="@AfterMethod loggout" time="0.0">
    <skipped/>
  </testcase> <!-- @AfterMethod loggout -->
  <testcase classname="tests.Loggin101" name="verifyLink" time="0.029"/>
  <testcase classname="tests.Loggin101" name="verifyLoginButtonDisplay" time="0.835"/>
  <testcase classname="tests.Loggin101" name="verifyLoginBtnEnabled" time="1.022"/>
  <testcase classname="tests.Loggin101" name="verifyForgotPasswordLinkVisiblity" time="1.221"/>
  <testcase classname="tests.Loggin101" name="verifyforgotPassWordEnabled" time="0.927"/>
  <testcase classname="tests.Loggin101" name="verifyforgotPassWordLink" time="3.932"/>
  <testcase classname="tests.Loggin101" name="testResetPassPage" time="2.501"/>
  <testcase classname="tests.Loggin101" name="usernameField" time="0.847"/>
  <testcase classname="tests.Loggin101" name="passwordField" time="0.834"/>
  <testcase classname="tests.Loggin101" name="passmasked" time="1.049"/>
  <testcase classname="tests.Loggin101" name="performLogin" time="10.376"/>
  <testcase classname="tests.Loggin101" name="performLogin" time="14.135"/>
  <testcase classname="tests.Loggin101" name="performLogin" time="13.46"/>
  <testcase classname="tests.Loggin101" name="performLogin" time="0.958"/>
  <testcase classname="tests.Loggin101" name="performLogin" time="0.936"/>
  <testcase classname="tests.Loggin101" name="performLogin" time="1.001"/>
  <testcase classname="tests.Loggin101" name="performLogin" time="13.682"/>
  <testcase classname="tests.Loggin101" name="performLogin" time="14.208"/>
  <testcase classname="tests.Loggin101" name="performLogin" time="13.429"/>
  <testcase classname="tests.Loggin101" name="performLogin" time="13.478"/>
  <testcase classname="tests.Loggin101" name="performLogin" time="14.274"/>
  <testcase classname="tests.Loggin101" name="performLogin" time="13.703"/>
  <testcase classname="tests.Loggin101" name="performLogin" time="15.058"/>
  <testcase classname="tests.Loggin101" name="performLogin" time="15.123"/>
  <testcase classname="tests.Loggin101" name="performLogin" time="13.599"/>
  <testcase classname="tests.DashBoard_Test" name="verifyDashBoardAfterLogin" time="1.617"/>
  <testcase classname="tests.DashBoard_Test" name="verifyHelpButtonEnabaled" time="0.871"/>
  <testcase classname="tests.DashBoard_Test" name="verifyNavbarVisibility" time="0.714"/>
  <testcase classname="tests.DashBoard_Test" name="verifyProfileIconDisplayed" time="0.609"/>
  <testcase classname="tests.DashBoard_Test" name="verifyProfileDropdownVisibility" time="1.531"/>
  <testcase classname="tests.DashBoard_Test" name="verifyQuickLaunchButtonsEnabled" time="3.614"/>
  <testcase classname="tests.DashBoard_Test" name="verifyChartsDisplayed" time="0.0">
    <skipped/>
  </testcase> <!-- verifyChartsDisplayed -->
  <testcase classname="tests.DashBoard_Test" name="verifyWidget_DistributionByLocation" time="0.0">
    <skipped/>
  </testcase> <!-- verifyWidget_DistributionByLocation -->
  <testcase classname="tests.DashBoard_Test" name="verifyWidget_DistributionBySubUnit" time="0.0">
    <skipped/>
  </testcase> <!-- verifyWidget_DistributionBySubUnit -->
  <testcase classname="tests.DashBoard_Test" name="verifyWidget_EmployeesOnLeave" time="0.0">
    <skipped/>
  </testcase> <!-- verifyWidget_EmployeesOnLeave -->
  <testcase classname="tests.DashBoard_Test" name="verifyWidget_MyActions" time="0.0">
    <skipped/>
  </testcase> <!-- verifyWidget_MyActions -->
  <testcase classname="tests.DashBoard_Test" name="verifyWidget_QuickLaunch" time="0.0">
    <skipped/>
  </testcase> <!-- verifyWidget_QuickLaunch -->
  <testcase classname="tests.DashBoard_Test" name="verifyWidget_TimeAtWork" time="0.0">
    <skipped/>
  </testcase> <!-- verifyWidget_TimeAtWork -->
  <testcase classname="tests.DashBoard_Test" name="verifyQuickLaunch_FirstButton" time="0.0">
    <skipped/>
  </testcase> <!-- verifyQuickLaunch_FirstButton -->
  <testcase classname="tests.DashBoard_Test" name="verifyQuickLaunch_SecondButton" time="0.0">
    <skipped/>
  </testcase> <!-- verifyQuickLaunch_SecondButton -->
  <testcase classname="tests.DashBoard_Test" name="verifyQuickLaunch_ThirdButton" time="0.0">
    <skipped/>
  </testcase> <!-- verifyQuickLaunch_ThirdButton -->
  <testcase classname="tests.DashBoard_Test" name="verifyHelpButtonDisplayed" time="0.0">
    <skipped/>
  </testcase> <!-- verifyHelpButtonDisplayed -->
  <testcase classname="tests.DashBoard_Test" name="verifyHelpButtonNavigation" time="0.0">
    <skipped/>
  </testcase> <!-- verifyHelpButtonNavigation -->
  <testcase classname="tests.DashBoard_Test" name="verifyUpgradeButtonDisplayed" time="0.0">
    <skipped/>
  </testcase> <!-- verifyUpgradeButtonDisplayed -->
  <testcase classname="tests.DashBoard_Test" name="verifyUpgradeButtonEnabled" time="0.0">
    <skipped/>
  </testcase> <!-- verifyUpgradeButtonEnabled -->
  <testcase classname="tests.DashBoard_Test" name="verifyUpgradeButtonNavigation" time="0.0">
    <skipped/>
  </testcase> <!-- verifyUpgradeButtonNavigation -->
  <testcase classname="tests.Navbar_Test" name="searchFieldVisiblity" time="0.0">
    <skipped/>
  </testcase> <!-- searchFieldVisiblity -->
  <testcase classname="tests.Navbar_Test" name="searchFieldEnabaled" time="0.0">
    <skipped/>
  </testcase> <!-- searchFieldEnabaled -->
  <testcase classname="tests.Navbar_Test" name="searchFieldInputVerify" time="0.0">
    <skipped/>
  </testcase> <!-- searchFieldInputVerify -->
  <testcase classname="tests.Navbar_Test" name="searchFieldWorking" time="0.0">
    <skipped/>
  </testcase> <!-- searchFieldWorking -->
  <testcase classname="tests.Navbar_Test" name="verifyNavbarItemsLink" time="0.0">
    <skipped/>
  </testcase> <!-- verifyNavbarItemsLink -->
  <testcase classname="com.crm.utility.BaseClass" name="@AfterTest postCondition" time="0.0">
    <ignored/>
  </testcase> <!-- @AfterTest postCondition -->
  <testcase classname="com.crm.utility.BaseClass" name="@AfterTest postCondition" time="0.0">
    <ignored/>
  </testcase> <!-- @AfterTest postCondition -->
  <testcase classname="com.crm.utility.BaseClass" name="@BeforeTest preCondition" time="0.0">
    <ignored/>
  </testcase> <!-- @BeforeTest preCondition -->
  <testcase classname="com.crm.utility.BaseClass" name="@BeforeTest preCondition" time="0.0">
    <ignored/>
  </testcase> <!-- @BeforeTest preCondition -->
</testsuite> <!-- project_TestCases -->
