<?xml version="1.0" encoding="UTF-8"?>
<!-- Generated by org.testng.reporters.JUnitReportReporter -->
<testsuite hostname="LAPTOP-6PLMN6V4" failures="0" tests="25" name="tests.Loggin101" time="205.336" errors="0" timestamp="2026-01-30T11:39:11 IST" skipped="0">
  <testcase classname="tests.Loggin101" name="verifyLink" time="0.684"/>
  <testcase classname="tests.Loggin101" name="verifyLoginButtonDisplay" time="1.649"/>
  <testcase classname="tests.Loggin101" name="verifyLoginBtnEnabled" time="1.695"/>
  <testcase classname="tests.Loggin101" name="verifyForgotPasswordLinkVisiblity" time="1.965"/>
  <testcase classname="tests.Loggin101" name="verifyforgotPassWordEnabled" time="1.698"/>
  <testcase classname="tests.Loggin101" name="verifyforgotPassWordLink" time="4.827"/>
  <testcase classname="tests.Loggin101" name="testResetPassPage" time="4.076"/>
  <testcase classname="tests.Loggin101" name="usernameField" time="1.708"/>
  <testcase classname="tests.Loggin101" name="passwordField" time="2.226"/>
  <testcase classname="tests.Loggin101" name="passmasked" time="1.929"/>
  <testcase classname="tests.Loggin101" name="performLogin" time="14.207"/>
  <testcase classname="tests.Loggin101" name="performLogin" time="16.207"/>
  <testcase classname="tests.Loggin101" name="performLogin" time="14.156"/>
  <testcase classname="tests.Loggin101" name="performLogin" time="15.618"/>
  <testcase classname="tests.Loggin101" name="performLogin" time="1.748"/>
  <testcase classname="tests.Loggin101" name="performLogin" time="14.692"/>
  <testcase classname="tests.Loggin101" name="performLogin" time="15.262"/>
  <testcase classname="tests.Loggin101" name="performLogin" time="2.691"/>
  <testcase classname="tests.Loggin101" name="performLogin" time="14.085"/>
  <testcase classname="tests.Loggin101" name="performLogin" time="11.519"/>
  <testcase classname="tests.Loggin101" name="performLogin" time="1.911"/>
  <testcase classname="tests.Loggin101" name="performLogin" time="14.611"/>
  <testcase classname="tests.Loggin101" name="performLogin" time="14.279"/>
  <testcase classname="tests.Loggin101" name="performLogin" time="15.228"/>
  <testcase classname="tests.Loggin101" name="performLogin" time="16.665"/>
  <system-out>
    <![CDATA[@BeforeTest - Browser launch
@BeforeMethod - Login
@AfterMethod - Login
@BeforeMethod - Login
@AfterMethod - Login
@BeforeMethod - Login
@AfterMethod - Login
@BeforeMethod - Login
@AfterMethod - Login
@BeforeMethod - Login
@AfterMethod - Login
@BeforeMethod - Login
@AfterMethod - Login
@BeforeMethod - Login
@BeforeMethod - Login
@AfterTest - Browser close]]>
  </system-out>
</testsuite> <!-- tests.Loggin101 -->
