<?xml version="1.0" encoding="UTF-8"?>
<!-- Generated by org.testng.reporters.JUnitReportReporter -->
<testsuite hostname="LAPTOP-6PLMN6V4" failures="0" tests="21" name="tests.DashBoard_Test" time="178.504" errors="0" timestamp="2026-01-30T11:53:38 IST" skipped="0">
  <testcase classname="tests.DashBoard_Test" name="verifyDashBoardAfterLogin" time="6.419"/>
  <testcase classname="tests.DashBoard_Test" name="verifyHelpButtonEnabaled" time="6.710"/>
  <testcase classname="tests.DashBoard_Test" name="verifyNavbarVisibility" time="7.596"/>
  <testcase classname="tests.DashBoard_Test" name="verifyProfileIconDisplayed" time="8.131"/>
  <testcase classname="tests.DashBoard_Test" name="verifyProfileDropdownVisibility" time="5.909"/>
  <testcase classname="tests.DashBoard_Test" name="verifyQuickLaunchButtonsEnabled" time="10.595"/>
  <testcase classname="tests.DashBoard_Test" name="verifyChartsDisplayed" time="7.924"/>
  <testcase classname="tests.DashBoard_Test" name="verifyWidget_DistributionByLocation" time="9.717"/>
  <testcase classname="tests.DashBoard_Test" name="verifyWidget_TimeAtWork" time="6.748"/>
  <testcase classname="tests.DashBoard_Test" name="verifyWidget_DistributionBySubUnit" time="6.613"/>
  <testcase classname="tests.DashBoard_Test" name="verifyWidget_EmployeesOnLeave" time="7.626"/>
  <testcase classname="tests.DashBoard_Test" name="verifyWidget_MyActions" time="9.071"/>
  <testcase classname="tests.DashBoard_Test" name="verifyWidget_QuickLaunch" time="8.245"/>
  <testcase classname="tests.DashBoard_Test" name="verifyQuickLaunch_SecondButton" time="11.243"/>
  <testcase classname="tests.DashBoard_Test" name="verifyQuickLaunch_ThirdButton" time="10.086"/>
  <testcase classname="tests.DashBoard_Test" name="verifyQuickLaunch_FirstButton" time="8.887"/>
  <testcase classname="tests.DashBoard_Test" name="verifyHelpButtonNavigation" time="9.518">
    <system-out>
      <![CDATA[back]]>
    </system-out>
  </testcase> <!-- verifyHelpButtonNavigation -->
  <testcase classname="tests.DashBoard_Test" name="verifyHelpButtonDisplayed" time="5.070"/>
  <testcase classname="tests.DashBoard_Test" name="verifyUpgradeButtonDisplayed" time="9.308"/>
  <testcase classname="tests.DashBoard_Test" name="verifyUpgradeButtonEnabled" time="8.889"/>
  <testcase classname="tests.DashBoard_Test" name="verifyUpgradeButtonNavigation" time="14.199"/>
  <system-out>
    <![CDATA[@BeforeTest - Browser launch
@BeforeMethod - Login
@AfterMethod - Login
@BeforeMethod - Login
@AfterMethod - Login
@BeforeMethod - Login
@AfterMethod - Login
@BeforeMethod - Login
@AfterMethod - Login
@BeforeMethod - Login
@AfterMethod - Login
@BeforeMethod - Login
@AfterMethod - Login
@BeforeMethod - Login
@AfterMethod - Login
@BeforeMethod - Login
@AfterMethod - Login
@BeforeMethod - Login
@AfterMethod - Login
@BeforeMethod - Login
@AfterMethod - Login
@BeforeMethod - Login
@AfterMethod - Login
@BeforeMethod - Login
@AfterMethod - Login
@BeforeMethod - Login
@AfterMethod - Login
@BeforeMethod - Login
@AfterMethod - Login
@BeforeMethod - Login
@AfterMethod - Login
@BeforeMethod - Login
@AfterMethod - Login
@BeforeMethod - Login
@AfterMethod - Login
@BeforeMethod - Login
back
@AfterMethod - Login
@BeforeMethod - Login
@AfterMethod - Login
@BeforeMethod - Login
@AfterMethod - Login
@BeforeMethod - Login
@AfterMethod - Login
@AfterTest - Browser close]]>
  </system-out>
</testsuite> <!-- tests.DashBoard_Test -->
