<?xml version="1.0" encoding="UTF-8"?>
<!-- Generated by org.testng.reporters.JUnitReportReporter -->
<testsuite hostname="LAPTOP-6PLMN6V4" failures="0" tests="9" name="tests.Profile_Test" time="99.353" errors="0" timestamp="2026-02-02T14:24:27 IST" skipped="0">
  <testcase classname="tests.Profile_Test" name="usernameVisible" time="6.061"/>
  <testcase classname="tests.Profile_Test" name="verifyDropDownVisiblity" time="14.541"/>
  <testcase classname="tests.Profile_Test" name="verifyDropDownEnablity" time="7.501"/>
  <testcase classname="tests.Profile_Test" name="verifydropDownLinksvisiblity" time="8.648"/>
  <testcase classname="tests.Profile_Test" name="verifydropDownLinksEnablity" time="8.005"/>
  <testcase classname="tests.Profile_Test" name="verifyAboutLink" time="9.764"/>
  <testcase classname="tests.Profile_Test" name="verifySupportLink" time="14.220"/>
  <testcase classname="tests.Profile_Test" name="verifyUpdatePassLink" time="16.570"/>
  <testcase classname="tests.Profile_Test" name="verifyLogout" time="14.043"/>
  <system-out>
    <![CDATA[@BeforeTest - Browser launch
@AfterTest - Browser close
@BeforeTest - Browser launch
@BeforeMethod - Login
@AfterMethod - Login
@BeforeMethod - Login
@AfterMethod - Login
@BeforeMethod - Login
@AfterMethod - Login
@BeforeMethod - Login
@AfterMethod - Login
@BeforeMethod - Login
@AfterMethod - Login
@BeforeMethod - Login
@AfterMethod - Login
@BeforeMethod - Login
@AfterMethod - Login
@BeforeMethod - Login
@AfterMethod - Login
@BeforeMethod - Login
@AfterMethod - Login
@BeforeMethod - Login
@AfterMethod - Login
@BeforeMethod - Login
@AfterMethod - Login
@BeforeMethod - Login
@AfterMethod - Login
@BeforeMethod - Login
@AfterMethod - Login
@BeforeMethod - Login
@AfterMethod - Login
@BeforeMethod - Login
@AfterMethod - Login
@BeforeMethod - Login
@AfterMethod - Login
@BeforeMethod - Login
@AfterMethod - Login
@BeforeMethod - Login
@AfterMethod - Login
@BeforeMethod - Login
back
@AfterMethod - Login
@BeforeMethod - Login
@AfterMethod - Login
@BeforeMethod - Login
@AfterMethod - Login
@BeforeMethod - Login
@AfterMethod - Login
@BeforeMethod - Login
@AfterMethod - Login
@BeforeMethod - Login
@AfterMethod - Login
@BeforeMethod - Login
@AfterMethod - Login
@AfterTest - Browser close
@BeforeTest - Browser launch
@BeforeMethod - Login
@AfterMethod - Login
@BeforeMethod - Login
@AfterMethod - Login
@BeforeMethod - Login
@AfterMethod - Login
@BeforeMethod - Login
@AfterMethod - Login
@BeforeMethod - Login
@AfterMethod - Login
@AfterTest - Browser close
@BeforeTest - Browser launch
@AfterTest - Browser close
@BeforeTest - Browser launch
@BeforeMethod - Login
@AfterMethod - Login
@BeforeMethod - Login
@AfterMethod - Login
@BeforeMethod - Login
@AfterMethod - Login
@BeforeMethod - Login
@AfterMethod - Login
@BeforeMethod - Login
@AfterMethod - Login
@BeforeMethod - Login
@AfterMethod - Login
@BeforeMethod - Login
@AfterMethod - Login
@BeforeMethod - Login
@AfterMethod - Login
@BeforeMethod - Login
@AfterMethod - Login
@AfterTest - Browser close]]>
  </system-out>
</testsuite> <!-- tests.Profile_Test -->
