<?xml version="1.0" encoding="UTF-8"?>
<!-- Generated by org.testng.reporters.JUnitReportReporter -->
<testsuite hostname="LAPTOP-6PLMN6V4" failures="0" tests="25" name="tests.Loggin101" time="308.005" errors="0" timestamp="2026-02-02T14:24:27 IST" skipped="0">
  <testcase classname="tests.Loggin101" name="verifyLink" time="1.233"/>
  <testcase classname="tests.Loggin101" name="verifyLoginButtonDisplay" time="3.873"/>
  <testcase classname="tests.Loggin101" name="verifyLoginBtnEnabled" time="4.770"/>
  <testcase classname="tests.Loggin101" name="verifyForgotPasswordLinkVisiblity" time="6.726"/>
  <testcase classname="tests.Loggin101" name="verifyforgotPassWordEnabled" time="5.343"/>
  <testcase classname="tests.Loggin101" name="verifyforgotPassWordLink" time="6.960"/>
  <testcase classname="tests.Loggin101" name="testResetPassPage" time="9.228"/>
  <testcase classname="tests.Loggin101" name="usernameField" time="5.216"/>
  <testcase classname="tests.Loggin101" name="passwordField" time="5.994"/>
  <testcase classname="tests.Loggin101" name="passmasked" time="5.090"/>
  <testcase classname="tests.Loggin101" name="performLogin" time="17.411"/>
  <testcase classname="tests.Loggin101" name="performLogin" time="27.225"/>
  <testcase classname="tests.Loggin101" name="performLogin" time="6.119"/>
  <testcase classname="tests.Loggin101" name="performLogin" time="15.353"/>
  <testcase classname="tests.Loggin101" name="performLogin" time="18.739"/>
  <testcase classname="tests.Loggin101" name="performLogin" time="4.724"/>
  <testcase classname="tests.Loggin101" name="performLogin" time="19.460"/>
  <testcase classname="tests.Loggin101" name="performLogin" time="17.099"/>
  <testcase classname="tests.Loggin101" name="performLogin" time="16.518"/>
  <testcase classname="tests.Loggin101" name="performLogin" time="33.377"/>
  <testcase classname="tests.Loggin101" name="performLogin" time="18.375"/>
  <testcase classname="tests.Loggin101" name="performLogin" time="3.869"/>
  <testcase classname="tests.Loggin101" name="performLogin" time="23.592"/>
  <testcase classname="tests.Loggin101" name="performLogin" time="17.630"/>
  <testcase classname="tests.Loggin101" name="performLogin" time="14.081"/>
  <system-out>
    <![CDATA[@BeforeTest - Browser launch
@AfterTest - Browser close
@BeforeTest - Browser launch
@BeforeMethod - Login
@AfterMethod - Login
@BeforeMethod - Login
@AfterMethod - Login
@BeforeMethod - Login
@AfterMethod - Login
@BeforeMethod - Login
@AfterMethod - Login
@BeforeMethod - Login
@AfterMethod - Login
@BeforeMethod - Login
@AfterMethod - Login
@BeforeMethod - Login
@AfterMethod - Login
@BeforeMethod - Login
@AfterMethod - Login
@BeforeMethod - Login
@AfterMethod - Login
@BeforeMethod - Login
@AfterMethod - Login
@BeforeMethod - Login
@AfterMethod - Login
@BeforeMethod - Login
@AfterMethod - Login
@BeforeMethod - Login
@AfterMethod - Login
@BeforeMethod - Login
@AfterMethod - Login
@BeforeMethod - Login
@AfterMethod - Login
@BeforeMethod - Login
@AfterMethod - Login
@BeforeMethod - Login
@AfterMethod - Login
@BeforeMethod - Login
@AfterMethod - Login
@BeforeMethod - Login
back
@AfterMethod - Login
@BeforeMethod - Login
@AfterMethod - Login
@BeforeMethod - Login
@AfterMethod - Login
@BeforeMethod - Login
@AfterMethod - Login
@BeforeMethod - Login
@AfterMethod - Login
@BeforeMethod - Login
@AfterMethod - Login
@BeforeMethod - Login
@AfterMethod - Login
@AfterTest - Browser close
@BeforeTest - Browser launch
@BeforeMethod - Login
@AfterMethod - Login
@BeforeMethod - Login
@AfterMethod - Login
@BeforeMethod - Login
@AfterMethod - Login
@BeforeMethod - Login
@AfterMethod - Login
@BeforeMethod - Login
@AfterMethod - Login
@AfterTest - Browser close
@BeforeTest - Browser launch
@AfterTest - Browser close
@BeforeTest - Browser launch
@BeforeMethod - Login
@AfterMethod - Login
@BeforeMethod - Login
@AfterMethod - Login
@BeforeMethod - Login
@AfterMethod - Login
@BeforeMethod - Login
@AfterMethod - Login
@BeforeMethod - Login
@AfterMethod - Login
@BeforeMethod - Login
@AfterMethod - Login
@BeforeMethod - Login
@AfterMethod - Login
@BeforeMethod - Login
@AfterMethod - Login
@BeforeMethod - Login
@AfterMethod - Login
@AfterTest - Browser close]]>
  </system-out>
</testsuite> <!-- tests.Loggin101 -->
