<?xml version="1.0" encoding="UTF-8"?>
<!-- Generated by org.testng.reporters.JUnitReportReporter -->
<testsuite hostname="LAPTOP-6PLMN6V4" failures="0" tests="5" name="tests.Navbar_Test" time="111.161" errors="0" timestamp="2026-02-02T14:24:27 IST" skipped="0">
  <testcase classname="tests.Navbar_Test" name="searchFieldVisiblity" time="7.718"/>
  <testcase classname="tests.Navbar_Test" name="searchFieldEnabaled" time="7.930"/>
  <testcase classname="tests.Navbar_Test" name="searchFieldInputVerify" time="5.590"/>
  <testcase classname="tests.Navbar_Test" name="searchFieldWorking" time="8.530"/>
  <testcase classname="tests.Navbar_Test" name="verifyNavbarItemsLink" time="81.393"/>
  <system-out>
    <![CDATA[@BeforeTest - Browser launch
@AfterTest - Browser close
@BeforeTest - Browser launch
@BeforeMethod - Login
@AfterMethod - Login
@BeforeMethod - Login
@AfterMethod - Login
@BeforeMethod - Login
@AfterMethod - Login
@BeforeMethod - Login
@AfterMethod - Login
@BeforeMethod - Login
@AfterMethod - Login
@BeforeMethod - Login
@AfterMethod - Login
@BeforeMethod - Login
@AfterMethod - Login
@BeforeMethod - Login
@AfterMethod - Login
@BeforeMethod - Login
@AfterMethod - Login
@BeforeMethod - Login
@AfterMethod - Login
@BeforeMethod - Login
@AfterMethod - Login
@BeforeMethod - Login
@AfterMethod - Login
@BeforeMethod - Login
@AfterMethod - Login
@BeforeMethod - Login
@AfterMethod - Login
@BeforeMethod - Login
@AfterMethod - Login
@BeforeMethod - Login
@AfterMethod - Login
@BeforeMethod - Login
@AfterMethod - Login
@BeforeMethod - Login
@AfterMethod - Login
@BeforeMethod - Login
back
@AfterMethod - Login
@BeforeMethod - Login
@AfterMethod - Login
@BeforeMethod - Login
@AfterMethod - Login
@BeforeMethod - Login
@AfterMethod - Login
@BeforeMethod - Login
@AfterMethod - Login
@BeforeMethod - Login
@AfterMethod - Login
@BeforeMethod - Login
@AfterMethod - Login
@AfterTest - Browser close
@BeforeTest - Browser launch
@BeforeMethod - Login
@AfterMethod - Login
@BeforeMethod - Login
@AfterMethod - Login
@BeforeMethod - Login
@AfterMethod - Login
@BeforeMethod - Login
@AfterMethod - Login
@BeforeMethod - Login
@AfterMethod - Login
@AfterTest - Browser close
@BeforeTest - Browser launch
@AfterTest - Browser close
@BeforeTest - Browser launch
@BeforeMethod - Login
@AfterMethod - Login
@BeforeMethod - Login
@AfterMethod - Login
@BeforeMethod - Login
@AfterMethod - Login
@BeforeMethod - Login
@AfterMethod - Login
@BeforeMethod - Login
@AfterMethod - Login
@BeforeMethod - Login
@AfterMethod - Login
@BeforeMethod - Login
@AfterMethod - Login
@BeforeMethod - Login
@AfterMethod - Login
@BeforeMethod - Login
@AfterMethod - Login
@AfterTest - Browser close]]>
  </system-out>
</testsuite> <!-- tests.Navbar_Test -->
