<?xml version="1.0" encoding="UTF-8"?>
<!-- Generated by org.testng.reporters.JUnitReportReporter -->
<testsuite hostname="LAPTOP-6PLMN6V4" failures="0" tests="48" name="tests.Admin_Module_Test" time="0.031" errors="1" timestamp="2026-02-02T16:14:09 IST" skipped="47">
  <testcase classname="tests.Admin_Module_Test" name="verifyJobSpanAllDropDownLinks" time="0.000">
    <skipped/>
  </testcase> <!-- verifyJobSpanAllDropDownLinks -->
  <testcase classname="tests.Admin_Module_Test" name="setUp" time="0.026">
    <error message="no such window: target window already closed
from unknown error: web view not found
  (Session info: chrome=138.0.7204.158)
Build info: version: &#039;4.18.1&#039;, revision: &#039;b1d3319b48&#039;
System info: os.name: &#039;Windows 11&#039;, os.arch: &#039;amd64&#039;, os.version: &#039;10.0&#039;, java.version: &#039;24.0.1&#039;
Driver info: org.openqa.selenium.chrome.ChromeDriver
Command: [a912336d2453124e8538d7e2781063ef, findElement {value=//input[@name=&#039;username&#039;], using=xpath}]
Capabilities {acceptInsecureCerts: false, browserName: chrome, browserVersion: 138.0.7204.158, chrome: {chromedriverVersion: 138.0.7204.183 (e90faf484dd..., userDataDir: C:\Users\91702\AppData\Loca...}, fedcm:accounts: true, goog:chromeOptions: {debuggerAddress: localhost:58580}, networkConnectionEnabled: false, pageLoadStrategy: normal, platformName: windows, proxy: Proxy(), se:cdp: ws://localhost:58580/devtoo..., se:cdpVersion: 138.0.7204.158, setWindowRect: true, strictFileInteractability: false, timeouts: {implicit: 0, pageLoad: 300000, script: 30000}, unhandledPromptBehavior: dismiss and notify, webauthn:extension:credBlob: true, webauthn:extension:largeBlob: true, webauthn:extension:minPinLength: true, webauthn:extension:prf: true, webauthn:virtualAuthenticators: true}
Session ID: a912336d2453124e8538d7e2781063ef" type="org.openqa.selenium.NoSuchWindowException">
      <![CDATA[org.openqa.selenium.NoSuchWindowException: no such window: target window already closed
from unknown error: web view not found
  (Session info: chrome=138.0.7204.158)
Build info: version: '4.18.1', revision: 'b1d3319b48'
System info: os.name: 'Windows 11', os.arch: 'amd64', os.version: '10.0', java.version: '24.0.1'
Driver info: org.openqa.selenium.chrome.ChromeDriver
Command: [a912336d2453124e8538d7e2781063ef, findElement {value=//input[@name='username'], using=xpath}]
Capabilities {acceptInsecureCerts: false, browserName: chrome, browserVersion: 138.0.7204.158, chrome: {chromedriverVersion: 138.0.7204.183 (e90faf484dd..., userDataDir: C:\Users\91702\AppData\Loca...}, fedcm:accounts: true, goog:chromeOptions: {debuggerAddress: localhost:58580}, networkConnectionEnabled: false, pageLoadStrategy: normal, platformName: windows, proxy: Proxy(), se:cdp: ws://localhost:58580/devtoo..., se:cdpVersion: 138.0.7204.158, setWindowRect: true, strictFileInteractability: false, timeouts: {implicit: 0, pageLoad: 300000, script: 30000}, unhandledPromptBehavior: dismiss and notify, webauthn:extension:credBlob: true, webauthn:extension:largeBlob: true, webauthn:extension:minPinLength: true, webauthn:extension:prf: true, webauthn:virtualAuthenticators: true}
Session ID: a912336d2453124e8538d7e2781063ef
at java.base/jdk.internal.reflect.DirectConstructorHandleAccessor.newInstance(DirectConstructorHandleAccessor.java:62)
at java.base/java.lang.reflect.Constructor.newInstanceWithCaller(Constructor.java:499)
at java.base/java.lang.reflect.Constructor.newInstance(Constructor.java:483)
at org.openqa.selenium.remote.ErrorCodec.decode(ErrorCodec.java:167)
at org.openqa.selenium.remote.codec.w3c.W3CHttpResponseCodec.decode(W3CHttpResponseCodec.java:138)
at org.openqa.selenium.remote.codec.w3c.W3CHttpResponseCodec.decode(W3CHttpResponseCodec.java:50)
at org.openqa.selenium.remote.HttpCommandExecutor.execute(HttpCommandExecutor.java:190)
at org.openqa.selenium.remote.service.DriverCommandExecutor.invokeExecute(DriverCommandExecutor.java:216)
at org.openqa.selenium.remote.service.DriverCommandExecutor.execute(DriverCommandExecutor.java:174)
at org.openqa.selenium.remote.RemoteWebDriver.execute(RemoteWebDriver.java:519)
at org.openqa.selenium.remote.ElementLocation$ElementFinder$2.findElement(ElementLocation.java:165)
at org.openqa.selenium.remote.ElementLocation.findElement(ElementLocation.java:59)
at org.openqa.selenium.remote.RemoteWebDriver.findElement(RemoteWebDriver.java:356)
at org.openqa.selenium.remote.RemoteWebDriver.findElement(RemoteWebDriver.java:350)
at tests.Admin_Module_Test.setUp(Admin_Module_Test.java:50)
at java.base/jdk.internal.reflect.DirectMethodHandleAccessor.invoke(DirectMethodHandleAccessor.java:104)
at java.base/java.lang.reflect.Method.invoke(Method.java:565)
at org.testng.internal.invokers.MethodInvocationHelper.invokeMethod(MethodInvocationHelper.java:141)
at org.testng.internal.invokers.MethodInvocationHelper.invokeMethodConsideringTimeout(MethodInvocationHelper.java:71)
at org.testng.internal.invokers.ConfigInvoker.invokeConfigurationMethod(ConfigInvoker.java:400)
at org.testng.internal.invokers.ConfigInvoker.invokeConfigurations(ConfigInvoker.java:333)
at org.testng.internal.invokers.TestMethodWorker.invokeBeforeClassMethods(TestMethodWorker.java:188)
at org.testng.internal.invokers.TestMethodWorker.run(TestMethodWorker.java:128)
at java.base/java.util.ArrayList.forEach(ArrayList.java:1604)
at org.testng.TestRunner.privateRun(TestRunner.java:741)
at org.testng.TestRunner.run(TestRunner.java:616)
at org.testng.SuiteRunner.runTest(SuiteRunner.java:421)
at org.testng.SuiteRunner.runSequentially(SuiteRunner.java:413)
at org.testng.SuiteRunner.privateRun(SuiteRunner.java:373)
at org.testng.SuiteRunner.run(SuiteRunner.java:312)
at org.testng.SuiteRunnerWorker.runSuite(SuiteRunnerWorker.java:52)
at org.testng.SuiteRunnerWorker.run(SuiteRunnerWorker.java:95)
at org.testng.TestNG.runSuitesSequentially(TestNG.java:1274)
at org.testng.TestNG.runSuitesLocally(TestNG.java:1208)
at org.testng.TestNG.runSuites(TestNG.java:1112)
at org.testng.TestNG.run(TestNG.java:1079)
at org.testng.remote.AbstractRemoteTestNG.run(AbstractRemoteTestNG.java:115)
at org.testng.remote.RemoteTestNG.initAndRun(RemoteTestNG.java:293)
at org.testng.remote.RemoteTestNG.main(RemoteTestNG.java:91)
]]>
    </error>
  </testcase> <!-- setUp -->
  <testcase classname="tests.Admin_Module_Test" name="addAdminLinkVerify" time="0.000">
    <skipped/>
  </testcase> <!-- addAdminLinkVerify -->
  <testcase classname="tests.Admin_Module_Test" name="verifyUserRole_Admin" time="0.000">
    <skipped/>
  </testcase> <!-- verifyUserRole_Admin -->
  <testcase classname="tests.Admin_Module_Test" name="verifyUserroleOptions" time="0.000">
    <skipped/>
  </testcase> <!-- verifyUserroleOptions -->
  <testcase classname="tests.Admin_Module_Test" name="selectAdminRole" time="0.001">
    <skipped/>
  </testcase> <!-- selectAdminRole -->
  <testcase classname="tests.Admin_Module_Test" name="verifyEmpNameFeild" time="0.000">
    <skipped/>
  </testcase> <!-- verifyEmpNameFeild -->
  <testcase classname="tests.Admin_Module_Test" name="verifyStatusfeild" time="0.000">
    <skipped/>
  </testcase> <!-- verifyStatusfeild -->
  <testcase classname="tests.Admin_Module_Test" name="verifyStatusfeildOptions" time="0.000">
    <skipped/>
  </testcase> <!-- verifyStatusfeildOptions -->
  <testcase classname="tests.Admin_Module_Test" name="selectStatusEnable" time="0.000">
    <skipped/>
  </testcase> <!-- selectStatusEnable -->
  <testcase classname="tests.Admin_Module_Test" name="verifyUsernameFieldVisiblity" time="0.000">
    <skipped/>
  </testcase> <!-- verifyUsernameFieldVisiblity -->
  <testcase classname="tests.Admin_Module_Test" name="verifyUsernameFieldEnablity" time="0.000">
    <skipped/>
  </testcase> <!-- verifyUsernameFieldEnablity -->
  <testcase classname="tests.Admin_Module_Test" name="addUsername" time="0.000">
    <skipped/>
  </testcase> <!-- addUsername -->
  <testcase classname="tests.Admin_Module_Test" name="verifyPasswordFieldVisiblity" time="0.001">
    <skipped/>
  </testcase> <!-- verifyPasswordFieldVisiblity -->
  <testcase classname="tests.Admin_Module_Test" name="verifyPasswordFieldEnablity" time="0.000">
    <skipped/>
  </testcase> <!-- verifyPasswordFieldEnablity -->
  <testcase classname="tests.Admin_Module_Test" name="sendPassword" time="0.000">
    <skipped/>
  </testcase> <!-- sendPassword -->
  <testcase classname="tests.Admin_Module_Test" name="verifyPassMasked" time="0.000">
    <skipped/>
  </testcase> <!-- verifyPassMasked -->
  <testcase classname="tests.Admin_Module_Test" name="verifyConfmPassFeildVisiblity" time="0.000">
    <skipped/>
  </testcase> <!-- verifyConfmPassFeildVisiblity -->
  <testcase classname="tests.Admin_Module_Test" name="verifyConfmPassFeildEnablity" time="0.000">
    <skipped/>
  </testcase> <!-- verifyConfmPassFeildEnablity -->
  <testcase classname="tests.Admin_Module_Test" name="sendComfPass" time="0.000">
    <skipped/>
  </testcase> <!-- sendComfPass -->
  <testcase classname="tests.Admin_Module_Test" name="verifyComfPassMasked" time="0.000">
    <skipped/>
  </testcase> <!-- verifyComfPassMasked -->
  <testcase classname="tests.Admin_Module_Test" name="cancelBtnEnabaled" time="0.000">
    <skipped/>
  </testcase> <!-- cancelBtnEnabaled -->
  <testcase classname="tests.Admin_Module_Test" name="cancelBtnVisilbity" time="0.000">
    <skipped/>
  </testcase> <!-- cancelBtnVisilbity -->
  <testcase classname="tests.Admin_Module_Test" name="saveBtnVisiblity" time="0.000">
    <skipped/>
  </testcase> <!-- saveBtnVisiblity -->
  <testcase classname="tests.Admin_Module_Test" name="saveBtnEnablity" time="0.000">
    <skipped/>
  </testcase> <!-- saveBtnEnablity -->
  <testcase classname="tests.Admin_Module_Test" name="saveBtnClickVerify" time="0.000">
    <skipped/>
  </testcase> <!-- saveBtnClickVerify -->
  <testcase classname="tests.Admin_Module_Test" name="verifyUsernameFieldEnablityMainPage" time="0.000">
    <skipped/>
  </testcase> <!-- verifyUsernameFieldEnablityMainPage -->
  <testcase classname="tests.Admin_Module_Test" name="verifyUserRoleFieldVisiblityMainPage" time="0.001">
    <skipped/>
  </testcase> <!-- verifyUserRoleFieldVisiblityMainPage -->
  <testcase classname="tests.Admin_Module_Test" name="verifyUserRoleEnablityMainPage" time="0.000">
    <skipped/>
  </testcase> <!-- verifyUserRoleEnablityMainPage -->
  <testcase classname="tests.Admin_Module_Test" name="verifyUserRoleoptionsVisiblity" time="0.000">
    <skipped/>
  </testcase> <!-- verifyUserRoleoptionsVisiblity -->
  <testcase classname="tests.Admin_Module_Test" name="verifyUserRoleoptionsEnablity" time="0.000">
    <skipped/>
  </testcase> <!-- verifyUserRoleoptionsEnablity -->
  <testcase classname="tests.Admin_Module_Test" name="verifyUserRoleoptionsSelection" time="0.000">
    <skipped/>
  </testcase> <!-- verifyUserRoleoptionsSelection -->
  <testcase classname="tests.Admin_Module_Test" name="verifyEmpNameFieldVisiblity" time="0.001">
    <skipped/>
  </testcase> <!-- verifyEmpNameFieldVisiblity -->
  <testcase classname="tests.Admin_Module_Test" name="verifyEmpNameFieldEnablity" time="0.000">
    <skipped/>
  </testcase> <!-- verifyEmpNameFieldEnablity -->
  <testcase classname="tests.Admin_Module_Test" name="verifyEmpNameFieldWorking" time="0.000">
    <skipped/>
  </testcase> <!-- verifyEmpNameFieldWorking -->
  <testcase classname="tests.Admin_Module_Test" name="verifyStatusFieldvisiblity" time="0.000">
    <skipped/>
  </testcase> <!-- verifyStatusFieldvisiblity -->
  <testcase classname="tests.Admin_Module_Test" name="verifyStatusOptions" time="0.000">
    <skipped/>
  </testcase> <!-- verifyStatusOptions -->
  <testcase classname="tests.Admin_Module_Test" name="verifySearchBtnVisiblity" time="0.000">
    <skipped/>
  </testcase> <!-- verifySearchBtnVisiblity -->
  <testcase classname="tests.Admin_Module_Test" name="verifySearchBtnEnablaed" time="0.001">
    <skipped/>
  </testcase> <!-- verifySearchBtnEnablaed -->
  <testcase classname="tests.Admin_Module_Test" name="verifyResetBtnVisiblity" time="0.000">
    <skipped/>
  </testcase> <!-- verifyResetBtnVisiblity -->
  <testcase classname="tests.Admin_Module_Test" name="verifyResetBtnEnabaled" time="0.000">
    <skipped/>
  </testcase> <!-- verifyResetBtnEnabaled -->
  <testcase classname="tests.Admin_Module_Test" name="searchUser" time="0.000">
    <skipped/>
  </testcase> <!-- searchUser -->
  <testcase classname="tests.Admin_Module_Test" name="verifyAddedUser" time="0.000">
    <skipped/>
  </testcase> <!-- verifyAddedUser -->
  <testcase classname="tests.Admin_Module_Test" name="verifyJobSpan" time="0.000">
    <skipped/>
  </testcase> <!-- verifyJobSpan -->
  <testcase classname="tests.Admin_Module_Test" name="verifyJobSpanDropDown" time="0.000">
    <skipped/>
  </testcase> <!-- verifyJobSpanDropDown -->
  <testcase classname="tests.Admin_Module_Test" name="verifyFooter" time="0.000">
    <skipped/>
  </testcase> <!-- verifyFooter -->
  <testcase classname="tests.Admin_Module_Test" name="verifyPageLink">
    <skipped/>
  </testcase> <!-- verifyPageLink -->
  <testcase classname="tests.Admin_Module_Test" name="verifyUsernameFieldVisiblityMainPage">
    <skipped/>
  </testcase> <!-- verifyUsernameFieldVisiblityMainPage -->
  <system-out>
    <![CDATA[@BeforeTest - Browser launch]]>
  </system-out>
</testsuite> <!-- tests.Admin_Module_Test -->
