<?xml version="1.0" encoding="UTF-8"?>
<!-- Generated by org.testng.reporters.JUnitReportReporter -->
<testsuite hostname="LAPTOP-6PLMN6V4" failures="0" tests="25" name="Loggin.Loggin101" time="186.809" errors="0" timestamp="2026-01-25T10:55:08 IST" skipped="0">
  <testcase classname="Loggin.Loggin101" name="verifyLink" time="1.299"/>
  <testcase classname="Loggin.Loggin101" name="verifyLoginButtonDisplay" time="1.862"/>
  <testcase classname="Loggin.Loggin101" name="verifyLoginBtnEnabled" time="1.307"/>
  <testcase classname="Loggin.Loggin101" name="verifyForgotPasswordLinkVisiblity" time="1.860"/>
  <testcase classname="Loggin.Loggin101" name="verifyforgotPassWordEnabled" time="1.528"/>
  <testcase classname="Loggin.Loggin101" name="verifyforgotPassWordLink" time="3.948"/>
  <testcase classname="Loggin.Loggin101" name="testResetPassPage" time="2.876"/>
  <testcase classname="Loggin.Loggin101" name="usernameField" time="1.485"/>
  <testcase classname="Loggin.Loggin101" name="passwordField" time="1.603"/>
  <testcase classname="Loggin.Loggin101" name="passmasked" time="1.204"/>
  <testcase classname="Loggin.Loggin101" name="performLogin" time="1.444"/>
  <testcase classname="Loggin.Loggin101" name="performLogin" time="14.209"/>
  <testcase classname="Loggin.Loggin101" name="performLogin" time="13.926"/>
  <testcase classname="Loggin.Loggin101" name="performLogin" time="13.975"/>
  <testcase classname="Loggin.Loggin101" name="performLogin" time="13.675"/>
  <testcase classname="Loggin.Loggin101" name="performLogin" time="13.989"/>
  <testcase classname="Loggin.Loggin101" name="performLogin" time="13.884"/>
  <testcase classname="Loggin.Loggin101" name="performLogin" time="14.022"/>
  <testcase classname="Loggin.Loggin101" name="performLogin" time="13.391"/>
  <testcase classname="Loggin.Loggin101" name="performLogin" time="1.922"/>
  <testcase classname="Loggin.Loggin101" name="performLogin" time="1.382"/>
  <testcase classname="Loggin.Loggin101" name="performLogin" time="14.168"/>
  <testcase classname="Loggin.Loggin101" name="performLogin" time="14.407"/>
  <testcase classname="Loggin.Loggin101" name="performLogin" time="9.094"/>
  <testcase classname="Loggin.Loggin101" name="performLogin" time="14.349"/>
</testsuite> <!-- Loggin.Loggin101 -->
