<?xml version="1.0" encoding="UTF-8"?>
<!-- Generated by org.testng.reporters.JUnitReportReporter -->
<testsuite hostname="LAPTOP-6PLMN6V4" failures="0" tests="25" name="tests.DashBoard_Test" time="319.926" errors="0" timestamp="2026-02-02T18:07:29 IST" skipped="0">
  <testcase classname="tests.DashBoard_Test" name="verifyDashBoardLink" time="6.445"/>
  <testcase classname="tests.DashBoard_Test" name="verifyDashBoardAfterLogin" time="13.142"/>
  <testcase classname="tests.DashBoard_Test" name="verifyNavbarVisibility" time="11.271"/>
  <testcase classname="tests.DashBoard_Test" name="verifyProfileIconDisplayed" time="8.682"/>
  <testcase classname="tests.DashBoard_Test" name="verifyProfileDropdownVisibility" time="8.816"/>
  <testcase classname="tests.DashBoard_Test" name="verifyQuickLaunchButtonsEnabled" time="20.057"/>
  <testcase classname="tests.DashBoard_Test" name="verifyChartsDisplayed" time="9.091"/>
  <testcase classname="tests.DashBoard_Test" name="verifyWidget_QuickLaunch" time="13.596"/>
  <testcase classname="tests.DashBoard_Test" name="verifyWidget_DistributionByLocation" time="12.198"/>
  <testcase classname="tests.DashBoard_Test" name="verifyWidget_MyActions" time="11.046"/>
  <testcase classname="tests.DashBoard_Test" name="verifyWidget_EmployeesOnLeave" time="7.057"/>
  <testcase classname="tests.DashBoard_Test" name="verifyWidget_TimeAtWork" time="10.983"/>
  <testcase classname="tests.DashBoard_Test" name="verifyWidget_DistributionBySubUnit" time="10.185"/>
  <testcase classname="tests.DashBoard_Test" name="verifyQuickLaunch_ThirdButton" time="18.629"/>
  <testcase classname="tests.DashBoard_Test" name="verifyQuickLaunch_FirstButton" time="13.859"/>
  <testcase classname="tests.DashBoard_Test" name="verifyQuickLaunch_SecondButton" time="20.020"/>
  <testcase classname="tests.DashBoard_Test" name="verifyHelpButtonDisplayed" time="11.684"/>
  <testcase classname="tests.DashBoard_Test" name="verifyHelpButtonEnabaled" time="14.401"/>
  <testcase classname="tests.DashBoard_Test" name="verifyHelpButtonNavigation" time="12.132">
    <system-out>
      <![CDATA[back]]>
    </system-out>
  </testcase> <!-- verifyHelpButtonNavigation -->
  <testcase classname="tests.DashBoard_Test" name="verifyUpgradeButtonDisplayed" time="10.395"/>
  <testcase classname="tests.DashBoard_Test" name="verifyUpgradeButtonEnabled" time="11.449"/>
  <testcase classname="tests.DashBoard_Test" name="verifyUpgradeButtonNavigation" time="33.740"/>
  <testcase classname="tests.DashBoard_Test" name="logoVerify" time="12.097"/>
  <testcase classname="tests.DashBoard_Test" name="navbarVerify" time="10.785"/>
  <testcase classname="tests.DashBoard_Test" name="footerVerify" time="8.166"/>
  <system-out>
    <![CDATA[@BeforeTest - Browser launch
@BeforeMethod - Login
@AfterMethod - Login
@BeforeMethod - Login
@AfterMethod - Login
@BeforeMethod - Login
@AfterMethod - Login
@BeforeMethod - Login
@AfterMethod - Login
@BeforeMethod - Login
@AfterMethod - Login
@BeforeMethod - Login
@AfterMethod - Login
@BeforeMethod - Login
@AfterMethod - Login
@BeforeMethod - Login
@AfterMethod - Login
@BeforeMethod - Login
@AfterMethod - Login
@BeforeMethod - Login
@AfterMethod - Login
@BeforeMethod - Login
@AfterMethod - Login
@BeforeMethod - Login
@AfterMethod - Login
@BeforeMethod - Login
@AfterMethod - Login
@BeforeMethod - Login
@AfterMethod - Login
@BeforeMethod - Login
@AfterMethod - Login
@BeforeMethod - Login
@AfterMethod - Login
@BeforeMethod - Login
@AfterMethod - Login
@BeforeMethod - Login
@AfterMethod - Login
@BeforeMethod - Login
back
@AfterMethod - Login
@BeforeMethod - Login
@AfterMethod - Login
@BeforeMethod - Login
@AfterMethod - Login
@BeforeMethod - Login
@AfterMethod - Login
@BeforeMethod - Login
@AfterMethod - Login
@BeforeMethod - Login
@AfterMethod - Login
@BeforeMethod - Login
@AfterMethod - Login
@AfterTest - Browser close]]>
  </system-out>
</testsuite> <!-- tests.DashBoard_Test -->
